Debug: 288 893 usb_blaster.c:511 ublast_state_move(): tap_set_state(RESET)

Debug: 307 893 vortex86.c:161 vortex86_break(): Executing VORTEX low-level break
Debug: 310 893 usb_blaster.c:486 ublast_path_move(): tap_set_state(DRSELECT)
Debug: 314 893 usb_blaster.c:486 ublast_path_move(): tap_set_state(IRSELECT)
Debug: 318 893 usb_blaster.c:486 ublast_path_move(): tap_set_state(RESET)
Debug: 321 893 usb_blaster.c:504 ublast_state_move(): (from RESET to RESET)
Debug: 326 893 usb_blaster.c:504 ublast_state_move(): (from RESET to RUN/IDLE)
Debug: 351 893 usb_blaster.c:511 ublast_state_move(): tap_set_state(RUN/IDLE)
Debug: 357 893 usb_blaster.c:504 ublast_state_move(): (from RUN/IDLE to RUN/IDLE)
Debug: 362 893 usb_blaster.c:504 ublast_state_move(): (from RUN/IDLE to IRSHIFT)
Debug: 378 893 usb_blaster.c:511 ublast_state_move(): tap_set_state(IRSHIFT)
Debug: 388 893 usb_blaster.c:504 ublast_state_move(): (from IRSHIFT to RUN/IDLE)
Debug: 398 893 usb_blaster.c:511 ublast_state_move(): tap_set_state(RUN/IDLE)
Debug: 400 893 usb_blaster.c:504 ublast_state_move(): (from RUN/IDLE to RUN/IDLE)
Debug: 406 893 usb_blaster.c:504 ublast_state_move(): (from RUN/IDLE to RUN/IDLE)
Debug: 409 893 core.c:967 default_interface_jtag_execute_queue():   9b out: 0001
Debug: 411 893 vortex86.c:161 vortex86_break(): Executing VORTEX low-level break
Debug: 417 893 usb_blaster.c:486 ublast_path_move(): tap_set_state(DRSELECT)
Debug: 421 893 usb_blaster.c:486 ublast_path_move(): tap_set_state(IRSELECT)
Debug: 425 893 usb_blaster.c:486 ublast_path_move(): tap_set_state(RESET)
Debug: 428 893 usb_blaster.c:504 ublast_state_move(): (from RESET to RESET)
Debug: 433 893 usb_blaster.c:504 ublast_state_move(): (from RESET to RUN/IDLE)
Debug: 458 893 usb_blaster.c:511 ublast_state_move(): tap_set_state(RUN/IDLE)
Debug: 464 893 usb_blaster.c:504 ublast_state_move(): (from RUN/IDLE to RUN/IDLE)
Debug: 469 893 usb_blaster.c:504 ublast_state_move(): (from RUN/IDLE to IRSHIFT)
Debug: 485 893 usb_blaster.c:511 ublast_state_move(): tap_set_state(IRSHIFT)
Debug: 495 893 usb_blaster.c:504 ublast_state_move(): (from IRSHIFT to RUN/IDLE)
Debug: 505 893 usb_blaster.c:511 ublast_state_move(): tap_set_state(RUN/IDLE)
Debug: 507 893 usb_blaster.c:504 ublast_state_move(): (from RUN/IDLE to RUN/IDLE)
Debug: 513 893 usb_blaster.c:504 ublast_state_move(): (from RUN/IDLE to RUN/IDLE)
Debug: 516 893 usb_blaster.c:504 ublast_state_move(): (from RUN/IDLE to IRSHIFT)
Debug: 532 893 usb_blaster.c:511 ublast_state_move(): tap_set_state(IRSHIFT)
Debug: 542 893 usb_blaster.c:504 ublast_state_move(): (from IRSHIFT to RUN/IDLE)
Debug: 552 893 usb_blaster.c:511 ublast_state_move(): tap_set_state(RUN/IDLE)
Debug: 555 893 core.c:967 default_interface_jtag_execute_queue():   9b out: 0001
Debug: 558 893 core.c:967 default_interface_jtag_execute_queue():   9b out: 000f
Debug: 561 894 usb_blaster.c:504 ublast_state_move(): (from RUN/IDLE to DRSHIFT)
Debug: 574 894 usb_blaster.c:511 ublast_state_move(): tap_set_state(DRSHIFT)
Debug: 591 894 usb_blaster.c:504 ublast_state_move(): (from DRSHIFT to RUN/IDLE)
Debug: 601 894 usb_blaster.c:511 ublast_state_move(): tap_set_state(RUN/IDLE)
Debug: 604 894 core.c:967 default_interface_jtag_execute_queue():   17b out: 000000
Debug: 605 894 core.c:972 default_interface_jtag_execute_queue():   17b  in: 000000
